<?xml version="1.0" encoding="UTF-8"?>
<!-- Generated by org.testng.reporters.JUnitXMLReporter -->
<testsuite ignored="0" hostname="DM-LT8" failures="0" tests="17" name="EIDSA App Test" time="409.421" errors="0" timestamp="2024-01-25T18:06:24 IST">
  <testcase classname="com.EIDSA.testCases.TC_009_StudyProfile_Positive" name="createTemplate" time="104.755"/>
  <testcase classname="com.EIDSA.testCases.TC_009_StudyProfile_Positive" name="userPrivilege" time="29.164"/>
  <testcase classname="com.EIDSA.testCases.TC_009_StudyProfile_Positive" name="createNewVersion" time="38.399"/>
  <testcase classname="com.EIDSA.testCases.TC_009_StudyProfile_Positive" name="retireForm" time="15.317"/>
  <testcase classname="com.EIDSA.testCases.TC_009_StudyProfile_Positive" name="createVisit" time="35.462"/>
  <testcase classname="com.EIDSA.testCases.TC_009_StudyProfile_Positive" name="assignTemplate" time="10.541"/>
  <testcase classname="com.EIDSA.testCases.TC_009_StudyProfile_Positive" name="editVisit" time="10.601"/>
  <testcase classname="com.EIDSA.testCases.TC_009_StudyProfile_Positive" name="deleteVisit" time="8.423"/>
  <testcase classname="com.EIDSA.testCases.TC_009_StudyProfile_Positive" name="createSite" time="8.3"/>
  <testcase classname="com.EIDSA.testCases.TC_009_StudyProfile_Positive" name="createSite" time="8.251"/>
  <testcase classname="com.EIDSA.testCases.TC_009_StudyProfile_Positive" name="siteEdit" time="23.798"/>
  <testcase classname="com.EIDSA.testCases.TC_009_StudyProfile_Positive" name="siteDelete" time="12.365"/>
  <testcase classname="com.EIDSA.testCases.TC_009_StudyProfile_Positive" name="createSubject" time="16.96"/>
  <testcase classname="com.EIDSA.testCases.TC_009_StudyProfile_Positive" name="createSubject" time="16.734"/>
  <testcase classname="com.EIDSA.testCases.TC_009_StudyProfile_Positive" name="SubjectEdit" time="14.516"/>
  <testcase classname="com.EIDSA.testCases.TC_009_StudyProfile_Positive" name="schedule" time="11.476"/>
  <testcase classname="com.EIDSA.testCases.TC_009_StudyProfile_Positive" name="delete" time="14.502"/>
</testsuite> <!-- EIDSA App Test -->
