<?xml version="1.0" encoding="UTF-8"?>
<!-- Generated by org.testng.reporters.JUnitXMLReporter -->
<testsuite ignored="0" hostname="DM-LT5" failures="0" tests="5" name="EIDSA App Test" time="116.767" errors="0" timestamp="2024-06-06T09:13:35 IST">
  <testcase classname="com.EIDSA.testCases.TC_011_DMS_Positive" name="FolderCreation" time="21.941"/>
  <testcase classname="com.EIDSA.testCases.TC_011_DMS_Positive" name="FolderEdit" time="13.078"/>
  <testcase classname="com.EIDSA.testCases.TC_011_DMS_Positive" name="uploadDocument" time="15.854"/>
  <testcase classname="com.EIDSA.testCases.TC_011_DMS_Positive" name="viewDocument" time="10.742"/>
  <testcase classname="com.EIDSA.testCases.TC_011_DMS_Positive" name="approveDocument" time="12.876"/>
</testsuite> <!-- EIDSA App Test -->
