<?xml version="1.0" encoding="UTF-8"?>
<testng-results ignored="0" total="5" passed="5" failed="0" skipped="0">
  <reporter-output>
  </reporter-output>
  <suite started-at="2024-06-06T09:11:38 IST" name="Medical Application" finished-at="2024-06-06T09:13:35 IST" duration-ms="116767">
    <groups>
    </groups>
    <test started-at="2024-06-06T09:11:38 IST" name="EIDSA App Test" finished-at="2024-06-06T09:13:35 IST" duration-ms="116767">
      <class name="com.EIDSA.testCases.TC_011_DMS_Positive">
        <test-method is-config="true" signature="setup(java.lang.String)[pri:0, instance:com.EIDSA.testCases.TC_011_DMS_Positive@2892d68]" started-at="2024-06-06T09:11:39 IST" name="setup" finished-at="2024-06-06T09:12:20 IST" duration-ms="40741" status="PASS">
          <params>
            <param index="0">
              <value>
                <![CDATA[chrome]]>
              </value>
            </param>
          </params>
          <reporter-output>
          </reporter-output>
        </test-method> <!-- setup -->
        <test-method signature="FolderCreation()[pri:1, instance:com.EIDSA.testCases.TC_011_DMS_Positive@2892d68]" started-at="2024-06-06T09:12:20 IST" name="FolderCreation" description="Create new folder" finished-at="2024-06-06T09:12:42 IST" duration-ms="21941" status="PASS">
          <reporter-output>
          </reporter-output>
        </test-method> <!-- FolderCreation -->
        <test-method signature="FolderEdit()[pri:2, instance:com.EIDSA.testCases.TC_011_DMS_Positive@2892d68]" started-at="2024-06-06T09:12:42 IST" name="FolderEdit" description="Edit the folder details" finished-at="2024-06-06T09:12:55 IST" duration-ms="13078" status="PASS">
          <reporter-output>
          </reporter-output>
        </test-method> <!-- FolderEdit -->
        <test-method signature="uploadDocument()[pri:3, instance:com.EIDSA.testCases.TC_011_DMS_Positive@2892d68]" started-at="2024-06-06T09:12:55 IST" name="uploadDocument" description="Upload the document to the folder" finished-at="2024-06-06T09:13:11 IST" duration-ms="15854" status="PASS">
          <reporter-output>
          </reporter-output>
        </test-method> <!-- uploadDocument -->
        <test-method signature="viewDocument()[pri:4, instance:com.EIDSA.testCases.TC_011_DMS_Positive@2892d68]" started-at="2024-06-06T09:13:11 IST" name="viewDocument" description="View the uploaded document" finished-at="2024-06-06T09:13:22 IST" duration-ms="10742" status="PASS">
          <reporter-output>
          </reporter-output>
        </test-method> <!-- viewDocument -->
        <test-method signature="approveDocument()[pri:5, instance:com.EIDSA.testCases.TC_011_DMS_Positive@2892d68]" started-at="2024-06-06T09:13:22 IST" name="approveDocument" description="Approve the document" finished-at="2024-06-06T09:13:34 IST" duration-ms="12876" status="PASS">
          <reporter-output>
          </reporter-output>
        </test-method> <!-- approveDocument -->
        <test-method is-config="true" signature="tearDown()[pri:0, instance:com.EIDSA.testCases.TC_011_DMS_Positive@2892d68]" started-at="2024-06-06T09:13:34 IST" name="tearDown" finished-at="2024-06-06T09:13:35 IST" duration-ms="451" status="PASS">
          <reporter-output>
          </reporter-output>
        </test-method> <!-- tearDown -->
      </class> <!-- com.EIDSA.testCases.TC_011_DMS_Positive -->
    </test> <!-- EIDSA App Test -->
  </suite> <!-- Medical Application -->
</testng-results>
